[ 2016-10-20T14:48:12+08:00 ] 127.0.0.1 /wish/index.php?m=admin&c=login
INFO: [ app_init ] --START--
INFO: Run Behavior\BuildLiteBehavior [ RunTime:0.000000s ]
INFO: [ app_init ] --END-- [ RunTime:0.027002s ]
INFO: [ app_begin ] --START--
INFO: Run Behavior\ReadHtmlCacheBehavior [ RunTime:0.001000s ]
INFO: [ app_begin ] --END-- [ RunTime:0.001000s ]
INFO: [ view_parse ] --START--
INFO: [ template_filter ] --START--
INFO: Run Behavior\ContentReplaceBehavior [ RunTime:0.020001s ]
INFO: [ template_filter ] --END-- [ RunTime:0.021001s ]
INFO: Run Behavior\ParseTemplateBehavior [ RunTime:0.102006s ]
INFO: [ view_parse ] --END-- [ RunTime:0.102006s ]
INFO: [ view_filter ] --START--
INFO: Run Behavior\WriteHtmlCacheBehavior [ RunTime:0.001000s ]
INFO: [ view_filter ] --END-- [ RunTime:0.001000s ]
INFO: [ app_end ] --START--
INFO: Run Behavior\ShowPageTraceBehavior [ RunTime:0.001000s ]
INFO: [ app_end ] --END-- [ RunTime:0.001000s ]

[ 2016-10-20T14:48:12+08:00 ] 127.0.0.1 /wish/index.php?m=admin&c=login
INFO: [ app_init ] --START--
INFO: Run Behavior\BuildLiteBehavior [ RunTime:0.000000s ]
INFO: [ app_init ] --END-- [ RunTime:0.000000s ]
INFO: [ app_begin ] --START--
INFO: Run Behavior\ReadHtmlCacheBehavior [ RunTime:0.001000s ]
INFO: [ app_begin ] --END-- [ RunTime:0.001000s ]
INFO: [ view_parse ] --START--
INFO: [ template_filter ] --START--
INFO: Run Behavior\ContentReplaceBehavior [ RunTime:0.000000s ]
INFO: [ template_filter ] --END-- [ RunTime:0.000000s ]
INFO: Run Behavior\ParseTemplateBehavior [ RunTime:0.006001s ]
INFO: [ view_parse ] --END-- [ RunTime:0.006001s ]
INFO: [ view_filter ] --START--
INFO: Run Behavior\WriteHtmlCacheBehavior [ RunTime:0.000000s ]
INFO: [ view_filter ] --END-- [ RunTime:0.000000s ]
INFO: [ app_end ] --START--
INFO: Run Behavior\ShowPageTraceBehavior [ RunTime:0.000000s ]
INFO: [ app_end ] --END-- [ RunTime:0.000000s ]

[ 2016-10-20T14:48:16+08:00 ] 127.0.0.1 /wish/admin.php?c=login&a=check
INFO: [ app_init ] --START--
INFO: Run Behavior\BuildLiteBehavior [ RunTime:0.001000s ]
INFO: [ app_init ] --END-- [ RunTime:0.001000s ]
INFO: [ app_begin ] --START--
INFO: Run Behavior\ReadHtmlCacheBehavior [ RunTime:0.000000s ]
INFO: [ app_begin ] --END-- [ RunTime:0.000000s ]
SQL: SHOW COLUMNS FROM `cms_admin` [ RunTime:0.1180s ]
SQL: SELECT * FROM `cms_admin` WHERE ( username="admin" ) LIMIT 1   [ RunTime:0.0370s ]

[ 2016-10-20T14:48:17+08:00 ] 127.0.0.1 /wish/admin.php?c=index
INFO: [ app_init ] --START--
INFO: Run Behavior\BuildLiteBehavior [ RunTime:0.000000s ]
INFO: [ app_init ] --END-- [ RunTime:0.000000s ]
INFO: [ app_begin ] --START--
INFO: Run Behavior\ReadHtmlCacheBehavior [ RunTime:0.001000s ]
INFO: [ app_begin ] --END-- [ RunTime:0.001000s ]
INFO: [ view_parse ] --START--
INFO: [ template_filter ] --START--
INFO: Run Behavior\ContentReplaceBehavior [ RunTime:0.000000s ]
INFO: [ template_filter ] --END-- [ RunTime:0.000000s ]
NOTIC: [2048] Declaration of Common\Model\MenuModel::find() should be compatible with Think\Model::find($options = Array) F:\WWW\wish\Application\Common\Model\MenuModel.class.php 第 5 行.
SQL: SHOW COLUMNS FROM `cms_menu` [ RunTime:0.0560s ]
SQL: SELECT * FROM `cms_menu` WHERE `status` <> -1 AND `type` = 1 ORDER BY listorder desc,menu_id desc  [ RunTime:0.0290s ]
NOTIC: [8] Undefined index: a F:\WWW\wish\Application\Common\Common\function.php 第 31 行.
NOTIC: [8] Undefined index: a F:\WWW\wish\Application\Common\Common\function.php 第 31 行.
NOTIC: [8] Undefined index: a F:\WWW\wish\Application\Common\Common\function.php 第 31 行.
NOTIC: [8] Undefined index: a F:\WWW\wish\Application\Common\Common\function.php 第 31 行.
INFO: Run Behavior\ParseTemplateBehavior [ RunTime:0.220013s ]
INFO: [ view_parse ] --END-- [ RunTime:0.220013s ]
INFO: [ view_filter ] --START--
INFO: Run Behavior\WriteHtmlCacheBehavior [ RunTime:0.001000s ]
INFO: [ view_filter ] --END-- [ RunTime:0.001000s ]
INFO: [ app_end ] --START--
INFO: Run Behavior\ShowPageTraceBehavior [ RunTime:0.001000s ]
INFO: [ app_end ] --END-- [ RunTime:0.001000s ]

[ 2016-10-20T14:48:19+08:00 ] 127.0.0.1 /wish/admin.php?c=content
INFO: [ app_init ] --START--
INFO: Run Behavior\BuildLiteBehavior [ RunTime:0.000000s ]
INFO: [ app_init ] --END-- [ RunTime:0.000000s ]
INFO: [ app_begin ] --START--
INFO: Run Behavior\ReadHtmlCacheBehavior [ RunTime:0.000000s ]
INFO: [ app_begin ] --END-- [ RunTime:0.000000s ]
NOTIC: [2048] Declaration of Admin\Controller\ContentController::setStatus() should be compatible with Admin\Controller\CommonController::setStatus($data, $model) F:\WWW\wish\Application\Admin\Controller\ContentController.class.php 第 11 行.
NOTIC: [2048] Declaration of Admin\Controller\ContentController::listorder() should be compatible with Admin\Controller\CommonController::listorder($model = '') F:\WWW\wish\Application\Admin\Controller\ContentController.class.php 第 11 行.
NOTIC: [8] Undefined index: title F:\WWW\wish\Application\Admin\Controller\ContentController.class.php 第 15 行.
NOTIC: [8] Undefined index: catid F:\WWW\wish\Application\Admin\Controller\ContentController.class.php 第 19 行.
NOTIC: [8] Undefined index: p F:\WWW\wish\Application\Admin\Controller\ContentController.class.php 第 22 行.
NOTIC: [2048] Declaration of Common\Model\NewsModel::find() should be compatible with Think\Model::find($options = Array) F:\WWW\wish\Application\Common\Model\NewsModel.class.php 第 7 行.
SQL: SHOW COLUMNS FROM `cms_news` [ RunTime:0.0780s ]
SQL: SELECT * FROM `cms_news` WHERE `status` <> -1 ORDER BY listorder desc,news_id desc LIMIT 0,3   [ RunTime:0.0160s ]
SQL: SELECT COUNT(*) AS tp_count FROM `cms_news` WHERE `status` <> -1 LIMIT 1   [ RunTime:0.0280s ]
NOTIC: [2048] Declaration of Common\Model\PositionModel::find() should be compatible with Think\Model::find($options = Array) F:\WWW\wish\Application\Common\Model\PositionModel.class.php 第 53 行.
SQL: SHOW COLUMNS FROM `cms_position` [ RunTime:0.0360s ]
SQL: SELECT * FROM `cms_position` WHERE `status` = 1 ORDER BY id  [ RunTime:0.0010s ]
NOTIC: [2048] Declaration of Common\Model\MenuModel::find() should be compatible with Think\Model::find($options = Array) F:\WWW\wish\Application\Common\Model\MenuModel.class.php 第 87 行.
SQL: SHOW COLUMNS FROM `cms_menu` [ RunTime:0.0050s ]
SQL: SELECT * FROM `cms_menu` WHERE `status` = 1 AND `type` = 0 ORDER BY listorder desc,menu_id desc  [ RunTime:0.0000s ]
INFO: [ view_parse ] --START--
INFO: [ template_filter ] --START--
INFO: Run Behavior\ContentReplaceBehavior [ RunTime:0.001000s ]
INFO: [ template_filter ] --END-- [ RunTime:0.001000s ]
SQL: SELECT * FROM `cms_menu` WHERE `status` <> -1 AND `type` = 1 ORDER BY listorder desc,menu_id desc  [ RunTime:0.0010s ]
NOTIC: [8] Undefined index: a F:\WWW\wish\Application\Common\Common\function.php 第 31 行.
NOTIC: [8] Undefined index: a F:\WWW\wish\Application\Common\Common\function.php 第 31 行.
NOTIC: [8] Undefined index: a F:\WWW\wish\Application\Common\Common\function.php 第 31 行.
NOTIC: [8] Undefined index: a F:\WWW\wish\Application\Common\Common\function.php 第 31 行.
NOTIC: [8] Undefined index: catid F:\WWW\wish\Application\Runtime\Cache\Admin\ccc9ced3ad798311a07cb47b740981c5.php 第 115 行.
NOTIC: [8] Undefined index: catid F:\WWW\wish\Application\Runtime\Cache\Admin\ccc9ced3ad798311a07cb47b740981c5.php 第 115 行.
NOTIC: [8] Undefined index: catid F:\WWW\wish\Application\Runtime\Cache\Admin\ccc9ced3ad798311a07cb47b740981c5.php 第 115 行.
NOTIC: [8] Undefined index: catid F:\WWW\wish\Application\Runtime\Cache\Admin\ccc9ced3ad798311a07cb47b740981c5.php 第 115 行.
NOTIC: [8] Undefined variable: new F:\WWW\wish\Application\Runtime\Cache\Admin\ccc9ced3ad798311a07cb47b740981c5.php 第 123 行.
INFO: Run Behavior\ParseTemplateBehavior [ RunTime:0.034002s ]
INFO: [ view_parse ] --END-- [ RunTime:0.034002s ]
INFO: [ view_filter ] --START--
INFO: Run Behavior\WriteHtmlCacheBehavior [ RunTime:0.000000s ]
INFO: [ view_filter ] --END-- [ RunTime:0.000000s ]
INFO: [ app_end ] --START--
INFO: Run Behavior\ShowPageTraceBehavior [ RunTime:0.001000s ]
INFO: [ app_end ] --END-- [ RunTime:0.001000s ]

[ 2016-10-20T14:48:25+08:00 ] 127.0.0.1 /wish/admin.php?c=content&a=push
INFO: [ app_init ] --START--
INFO: Run Behavior\BuildLiteBehavior [ RunTime:0.000000s ]
INFO: [ app_init ] --END-- [ RunTime:0.000000s ]
INFO: [ app_begin ] --START--
INFO: Run Behavior\ReadHtmlCacheBehavior [ RunTime:0.001000s ]
INFO: [ app_begin ] --END-- [ RunTime:0.001000s ]
NOTIC: [2048] Declaration of Admin\Controller\ContentController::setStatus() should be compatible with Admin\Controller\CommonController::setStatus($data, $model) F:\WWW\wish\Application\Admin\Controller\ContentController.class.php 第 11 行.
NOTIC: [2048] Declaration of Admin\Controller\ContentController::listorder() should be compatible with Admin\Controller\CommonController::listorder($model = '') F:\WWW\wish\Application\Admin\Controller\ContentController.class.php 第 11 行.
NOTIC: [2048] Declaration of Common\Model\NewsModel::find() should be compatible with Think\Model::find($options = Array) F:\WWW\wish\Application\Common\Model\NewsModel.class.php 第 7 行.
SQL: SHOW COLUMNS FROM `cms_news` [ RunTime:0.0040s ]
SQL: SELECT * FROM `cms_news` WHERE `news_id` IN ('26')  [ RunTime:0.0540s ]
NOTIC: [2048] Declaration of Common\Model\PositionContentModel::find() should be compatible with Think\Model::find($options = Array) F:\WWW\wish\Application\Common\Model\PositionContentModel.class.php 第 64 行.
SQL: SHOW COLUMNS FROM `cms_position_content` [ RunTime:0.1290s ]
SQL: INSERT INTO `cms_position_content` (`position_id`,`title`,`thumb`,`news_id`,`status`,`create_time`) VALUES ('2','湖人-阿联爆发','/wish/upload/2016/10/13/57ff36ca5316e.jpg','26','1','1476250864') [ RunTime:0.1600s ]

[ 2016-10-20T14:48:27+08:00 ] 127.0.0.1 /wish/admin.php?c=content
INFO: [ app_init ] --START--
INFO: Run Behavior\BuildLiteBehavior [ RunTime:0.000000s ]
INFO: [ app_init ] --END-- [ RunTime:0.001000s ]
INFO: [ app_begin ] --START--
INFO: Run Behavior\ReadHtmlCacheBehavior [ RunTime:0.001000s ]
INFO: [ app_begin ] --END-- [ RunTime:0.001000s ]
NOTIC: [2048] Declaration of Admin\Controller\ContentController::setStatus() should be compatible with Admin\Controller\CommonController::setStatus($data, $model) F:\WWW\wish\Application\Admin\Controller\ContentController.class.php 第 11 行.
NOTIC: [2048] Declaration of Admin\Controller\ContentController::listorder() should be compatible with Admin\Controller\CommonController::listorder($model = '') F:\WWW\wish\Application\Admin\Controller\ContentController.class.php 第 11 行.
NOTIC: [8] Undefined index: title F:\WWW\wish\Application\Admin\Controller\ContentController.class.php 第 15 行.
NOTIC: [8] Undefined index: catid F:\WWW\wish\Application\Admin\Controller\ContentController.class.php 第 19 行.
NOTIC: [8] Undefined index: p F:\WWW\wish\Application\Admin\Controller\ContentController.class.php 第 22 行.
NOTIC: [2048] Declaration of Common\Model\NewsModel::find() should be compatible with Think\Model::find($options = Array) F:\WWW\wish\Application\Common\Model\NewsModel.class.php 第 7 行.
SQL: SHOW COLUMNS FROM `cms_news` [ RunTime:0.0040s ]
SQL: SELECT * FROM `cms_news` WHERE `status` <> -1 ORDER BY listorder desc,news_id desc LIMIT 0,3   [ RunTime:0.0010s ]
SQL: SELECT COUNT(*) AS tp_count FROM `cms_news` WHERE `status` <> -1 LIMIT 1   [ RunTime:0.0000s ]
NOTIC: [2048] Declaration of Common\Model\PositionModel::find() should be compatible with Think\Model::find($options = Array) F:\WWW\wish\Application\Common\Model\PositionModel.class.php 第 53 行.
SQL: SHOW COLUMNS FROM `cms_position` [ RunTime:0.0060s ]
SQL: SELECT * FROM `cms_position` WHERE `status` = 1 ORDER BY id  [ RunTime:0.0000s ]
NOTIC: [2048] Declaration of Common\Model\MenuModel::find() should be compatible with Think\Model::find($options = Array) F:\WWW\wish\Application\Common\Model\MenuModel.class.php 第 87 行.
SQL: SHOW COLUMNS FROM `cms_menu` [ RunTime:0.0040s ]
SQL: SELECT * FROM `cms_menu` WHERE `status` = 1 AND `type` = 0 ORDER BY listorder desc,menu_id desc  [ RunTime:0.0010s ]
INFO: [ view_parse ] --START--
INFO: [ template_filter ] --START--
INFO: Run Behavior\ContentReplaceBehavior [ RunTime:0.000000s ]
INFO: [ template_filter ] --END-- [ RunTime:0.001000s ]
SQL: SELECT * FROM `cms_menu` WHERE `status` <> -1 AND `type` = 1 ORDER BY listorder desc,menu_id desc  [ RunTime:0.0010s ]
NOTIC: [8] Undefined index: a F:\WWW\wish\Application\Common\Common\function.php 第 31 行.
NOTIC: [8] Undefined index: a F:\WWW\wish\Application\Common\Common\function.php 第 31 行.
NOTIC: [8] Undefined index: a F:\WWW\wish\Application\Common\Common\function.php 第 31 行.
NOTIC: [8] Undefined index: a F:\WWW\wish\Application\Common\Common\function.php 第 31 行.
NOTIC: [8] Undefined index: catid F:\WWW\wish\Application\Runtime\Cache\Admin\ccc9ced3ad798311a07cb47b740981c5.php 第 115 行.
NOTIC: [8] Undefined index: catid F:\WWW\wish\Application\Runtime\Cache\Admin\ccc9ced3ad798311a07cb47b740981c5.php 第 115 行.
NOTIC: [8] Undefined index: catid F:\WWW\wish\Application\Runtime\Cache\Admin\ccc9ced3ad798311a07cb47b740981c5.php 第 115 行.
NOTIC: [8] Undefined index: catid F:\WWW\wish\Application\Runtime\Cache\Admin\ccc9ced3ad798311a07cb47b740981c5.php 第 115 行.
NOTIC: [8] Undefined variable: new F:\WWW\wish\Application\Runtime\Cache\Admin\ccc9ced3ad798311a07cb47b740981c5.php 第 123 行.
INFO: Run Behavior\ParseTemplateBehavior [ RunTime:0.011000s ]
INFO: [ view_parse ] --END-- [ RunTime:0.011000s ]
INFO: [ view_filter ] --START--
INFO: Run Behavior\WriteHtmlCacheBehavior [ RunTime:0.000000s ]
INFO: [ view_filter ] --END-- [ RunTime:0.000000s ]
INFO: [ app_end ] --START--
INFO: Run Behavior\ShowPageTraceBehavior [ RunTime:0.000000s ]
INFO: [ app_end ] --END-- [ RunTime:0.000000s ]

